2025-07-16 16:24:45,185 p=49569 u=bill n=ansible INFO| samsung | UNREACHABLE! => {
2025-07-16 16:24:45,195 p=49569 u=bill n=ansible INFO| prowlarr | UNREACHABLE! => {
2025-07-16 16:24:46,164 p=49569 u=bill n=ansible INFO| windows11 | FAILED! => {
2025-07-16 16:24:46,168 p=49569 u=bill n=ansible INFO| homeassistant | UNREACHABLE! => {
2025-07-16 16:24:48,372 p=49569 u=bill n=ansible INFO| lily_laptop | UNREACHABLE! => {
2025-07-16 16:25:39,075 p=49919 u=bill n=ansible INFO| fatal: [prowlarr]: UNREACHABLE! => {"changed": false, "msg": "Data could not be sent to remote host \"192.168.86.123\". Make sure this host can be reached over ssh: ssh: connect to host 192.168.86.123 port 22: No route to host\r\n", "unreachable": true}
2025-07-16 16:25:39,166 p=49919 u=bill n=ansible INFO| fatal: [samsung]: UNREACHABLE! => {"changed": false, "msg": "Data could not be sent to remote host \"192.168.86.94\". Make sure this host can be reached over ssh: ssh: connect to host 192.168.86.94 port 22: No route to host\r\n", "unreachable": true}
2025-07-16 16:25:40,738 p=49919 u=bill n=ansible INFO| fatal: [homeassistant]: UNREACHABLE! => {"changed": false, "msg": "Failed to connect to the host via ssh: root@192.168.86.51: Permission denied (publickey).", "unreachable": true}
2025-07-16 16:25:42,644 p=49919 u=bill n=ansible INFO| fatal: [lily_laptop]: UNREACHABLE! => {"changed": false, "msg": "Data could not be sent to remote host \"192.168.86.53\". Make sure this host can be reached over ssh: ssh: connect to host 192.168.86.53 port 22: No route to host\r\n", "unreachable": true}
2025-07-16 16:26:12,015 p=49919 u=bill n=ansible INFO| fatal: [truenas]: FAILED! => {"changed": false, "cmd": "/usr/local/bin/apt-get update", "msg": "", "rc": 1, "stderr": "", "stderr_lines": [], "stdout": "Package management tools are disabled on TrueNAS appliances.\n\nAttempting to update TrueNAS with apt or methods other than the TrueNAS web\ninterface can result in a nonfunctional system.\n", "stdout_lines": ["Package management tools are disabled on TrueNAS appliances.", "", "Attempting to update TrueNAS with apt or methods other than the TrueNAS web", "interface can result in a nonfunctional system."]}
2025-07-16 16:26:52,484 p=49919 u=bill n=ansible INFO| fatal: [dell]: FAILED! => {"msg": "Timeout (12s) waiting for privilege escalation prompt: "}
2025-07-16 16:27:04,552 p=49919 u=bill n=ansible INFO| fatal: [dell]: FAILED! => {"msg": "Timeout (12s) waiting for privilege escalation prompt: "}
2025-07-16 16:27:16,627 p=49919 u=bill n=ansible INFO| fatal: [dell]: FAILED! => {"msg": "Timeout (12s) waiting for privilege escalation prompt: "}
2025-07-16 16:27:28,698 p=49919 u=bill n=ansible INFO| fatal: [dell]: FAILED! => {"msg": "Timeout (12s) waiting for privilege escalation prompt: "}
2025-07-16 16:28:40,544 p=49919 u=bill n=ansible INFO| fatal: [desktop]: FAILED! => {"msg": "The task includes an option with an undefined variable.. 'str object' has no attribute 'home'\n\nThe error appears to be in '/home/bill/git/home.net/roles/workstation/tasks/user_directories.yml': line 5, column 3, but may\nbe elsewhere in the file depending on the exact syntax problem.\n\nThe offending line appears to be:\n\n\n- name: Create user home directories\n  ^ here\n"}
2025-07-16 16:28:40,552 p=49919 u=bill n=ansible INFO| fatal: [dell]: FAILED! => {"msg": "The task includes an option with an undefined variable.. 'str object' has no attribute 'home'\n\nThe error appears to be in '/home/bill/git/home.net/roles/workstation/tasks/user_directories.yml': line 5, column 3, but may\nbe elsewhere in the file depending on the exact syntax problem.\n\nThe offending line appears to be:\n\n\n- name: Create user home directories\n  ^ here\n"}
2025-07-16 16:28:42,667 p=49919 u=bill n=ansible INFO| fatal: [desktop]: FAILED! => {"msg": "The conditional check 'workstation_users | selectattr('name', 'equalto', 'lily') | list | length > 0' failed. The error was: error while evaluating conditional (workstation_users | selectattr('name', 'equalto', 'lily') | list | length > 0): 'ansible.parsing.yaml.objects.AnsibleUnicode object' has no attribute 'name'\n\nThe error appears to be in '/home/bill/git/home.net/roles/workstation/tasks/user_directories.yml': line 39, column 3, but may\nbe elsewhere in the file depending on the exact syntax problem.\n\nThe offending line appears to be:\n\n\n- name: Create NFS symlinks for lily\n  ^ here\n"}
2025-07-16 16:28:42,684 p=49919 u=bill n=ansible INFO| fatal: [dell]: FAILED! => {"msg": "The conditional check 'workstation_users | selectattr('name', 'equalto', 'lily') | list | length > 0' failed. The error was: error while evaluating conditional (workstation_users | selectattr('name', 'equalto', 'lily') | list | length > 0): 'ansible.parsing.yaml.objects.AnsibleUnicode object' has no attribute 'name'\n\nThe error appears to be in '/home/bill/git/home.net/roles/workstation/tasks/user_directories.yml': line 39, column 3, but may\nbe elsewhere in the file depending on the exact syntax problem.\n\nThe offending line appears to be:\n\n\n- name: Create NFS symlinks for lily\n  ^ here\n"}
2025-07-16 16:28:42,718 p=49919 u=bill n=ansible INFO| fatal: [desktop]: FAILED! => {"msg": "The conditional check 'workstation_users | selectattr('name', 'equalto', 'lily') | list | length > 0' failed. The error was: error while evaluating conditional (workstation_users | selectattr('name', 'equalto', 'lily') | list | length > 0): 'ansible.parsing.yaml.objects.AnsibleUnicode object' has no attribute 'name'\n\nThe error appears to be in '/home/bill/git/home.net/roles/workstation/tasks/user_directories.yml': line 51, column 3, but may\nbe elsewhere in the file depending on the exact syntax problem.\n\nThe offending line appears to be:\n\n\n- name: Create local directories for lily\n  ^ here\n"}
2025-07-16 16:28:42,731 p=49919 u=bill n=ansible INFO| fatal: [dell]: FAILED! => {"msg": "The conditional check 'workstation_users | selectattr('name', 'equalto', 'lily') | list | length > 0' failed. The error was: error while evaluating conditional (workstation_users | selectattr('name', 'equalto', 'lily') | list | length > 0): 'ansible.parsing.yaml.objects.AnsibleUnicode object' has no attribute 'name'\n\nThe error appears to be in '/home/bill/git/home.net/roles/workstation/tasks/user_directories.yml': line 51, column 3, but may\nbe elsewhere in the file depending on the exact syntax problem.\n\nThe offending line appears to be:\n\n\n- name: Create local directories for lily\n  ^ here\n"}
2025-07-16 16:28:42,764 p=49919 u=bill n=ansible INFO| fatal: [desktop]: FAILED! => {"msg": "The conditional check 'workstation_users | selectattr('name', 'equalto', 'loretta') | list | length > 0' failed. The error was: error while evaluating conditional (workstation_users | selectattr('name', 'equalto', 'loretta') | list | length > 0): 'ansible.parsing.yaml.objects.AnsibleUnicode object' has no attribute 'name'\n\nThe error appears to be in '/home/bill/git/home.net/roles/workstation/tasks/user_directories.yml': line 62, column 3, but may\nbe elsewhere in the file depending on the exact syntax problem.\n\nThe offending line appears to be:\n\n\n- name: Create NFS symlinks for loretta\n  ^ here\n"}
2025-07-16 16:28:42,776 p=49919 u=bill n=ansible INFO| fatal: [dell]: FAILED! => {"msg": "The conditional check 'workstation_users | selectattr('name', 'equalto', 'loretta') | list | length > 0' failed. The error was: error while evaluating conditional (workstation_users | selectattr('name', 'equalto', 'loretta') | list | length > 0): 'ansible.parsing.yaml.objects.AnsibleUnicode object' has no attribute 'name'\n\nThe error appears to be in '/home/bill/git/home.net/roles/workstation/tasks/user_directories.yml': line 62, column 3, but may\nbe elsewhere in the file depending on the exact syntax problem.\n\nThe offending line appears to be:\n\n\n- name: Create NFS symlinks for loretta\n  ^ here\n"}
2025-07-16 16:28:42,810 p=49919 u=bill n=ansible INFO| fatal: [desktop]: FAILED! => {"msg": "The conditional check 'workstation_users | selectattr('name', 'equalto', 'loretta') | list | length > 0' failed. The error was: error while evaluating conditional (workstation_users | selectattr('name', 'equalto', 'loretta') | list | length > 0): 'ansible.parsing.yaml.objects.AnsibleUnicode object' has no attribute 'name'\n\nThe error appears to be in '/home/bill/git/home.net/roles/workstation/tasks/user_directories.yml': line 74, column 3, but may\nbe elsewhere in the file depending on the exact syntax problem.\n\nThe offending line appears to be:\n\n\n- name: Create local directories for loretta\n  ^ here\n"}
2025-07-16 16:28:42,825 p=49919 u=bill n=ansible INFO| fatal: [dell]: FAILED! => {"msg": "The conditional check 'workstation_users | selectattr('name', 'equalto', 'loretta') | list | length > 0' failed. The error was: error while evaluating conditional (workstation_users | selectattr('name', 'equalto', 'loretta') | list | length > 0): 'ansible.parsing.yaml.objects.AnsibleUnicode object' has no attribute 'name'\n\nThe error appears to be in '/home/bill/git/home.net/roles/workstation/tasks/user_directories.yml': line 74, column 3, but may\nbe elsewhere in the file depending on the exact syntax problem.\n\nThe offending line appears to be:\n\n\n- name: Create local directories for loretta\n  ^ here\n"}
